<?xml version="1.0" encoding="UTF-8"?>
<testng-results skipped="0" failed="0" total="1" passed="1">
  <reporter-output>
  </reporter-output>
  <suite name="Default suite" duration-ms="57211" started-at="2018-05-03T09:35:38Z" finished-at="2018-05-03T09:36:36Z">
    <groups>
    </groups>
    <test name="Default test" duration-ms="57211" started-at="2018-05-03T09:35:38Z" finished-at="2018-05-03T09:36:36Z">
      <class name="testscript.Gmail_test">
        <test-method status="PASS" signature="login()[pri:0, instance:testscript.Gmail_test@23ceabc1]" name="login" duration-ms="57112" started-at="2018-05-03T15:05:39Z" finished-at="2018-05-03T15:06:36Z">
          <reporter-output>
          </reporter-output>
        </test-method> <!-- login -->
      </class> <!-- testscript.Gmail_test -->
    </test> <!-- Default test -->
  </suite> <!-- Default suite -->
</testng-results>
