<?xml version="1.0" encoding="UTF-8"?>
<!-- Generated by org.testng.reporters.JUnitXMLReporter -->
<testsuite hostname="Ranu-PC" name="Default test" tests="3" failures="0" timestamp="15 Apr 2018 15:12:02 GMT" time="48.888" errors="0">
  <testcase name="method1" time="0.047" classname="test_script.Dependencytest"/>
  <testcase name="method3" time="48.742" classname="test_script.Dependencytest"/>
  <testcase name="method2" time="0.009" classname="test_script.Dependencytest"/>
</testsuite> <!-- Default test -->
