<?xml version="1.0" encoding="UTF-8"?>
<testng-results skipped="0" failed="0" ignored="0" total="1" passed="1">
  <reporter-output>
  </reporter-output>
  <suite name="Default suite" duration-ms="201" started-at="2018-05-25T16:40:04Z" finished-at="2018-05-25T16:40:05Z">
    <groups>
    </groups>
    <test name="Default test" duration-ms="201" started-at="2018-05-25T16:40:04Z" finished-at="2018-05-25T16:40:05Z">
      <class name="program.star">
        <test-method status="PASS" signature="star()[pri:0, instance:program.star@167fdd33]" name="star" duration-ms="55" started-at="2018-05-25T16:40:05Z" finished-at="2018-05-25T16:40:05Z">
          <reporter-output>
          </reporter-output>
        </test-method> <!-- star -->
      </class> <!-- program.star -->
    </test> <!-- Default test -->
  </suite> <!-- Default suite -->
</testng-results>
