<?xml version="1.0" encoding="UTF-8"?>
<testng-results skipped="0" failed="0" total="3" passed="3">
  <reporter-output>
  </reporter-output>
  <suite name="Default suite" duration-ms="48888" started-at="2018-04-15T15:11:12Z" finished-at="2018-04-15T15:12:01Z">
    <groups>
    </groups>
    <test name="Default test" duration-ms="48888" started-at="2018-04-15T15:11:12Z" finished-at="2018-04-15T15:12:01Z">
      <class name="test_script.Dependencytest">
        <test-method status="PASS" signature="method1()[pri:0, instance:test_script.Dependencytest@23ceabc1]" name="method1" duration-ms="47" started-at="2018-04-15T20:41:12Z" finished-at="2018-04-15T20:41:13Z">
          <reporter-output>
          </reporter-output>
        </test-method> <!-- method1 -->
        <test-method status="PASS" signature="method3()[pri:0, instance:test_script.Dependencytest@23ceabc1]" name="method3" duration-ms="48742" started-at="2018-04-15T20:41:13Z" finished-at="2018-04-15T20:42:01Z">
          <reporter-output>
          </reporter-output>
        </test-method> <!-- method3 -->
        <test-method status="PASS" signature="method2()[pri:0, instance:test_script.Dependencytest@23ceabc1]" name="method2" duration-ms="9" started-at="2018-04-15T20:42:01Z" depends-on-methods="test_script.Dependencytest.method1" finished-at="2018-04-15T20:42:01Z">
          <reporter-output>
          </reporter-output>
        </test-method> <!-- method2 -->
      </class> <!-- test_script.Dependencytest -->
    </test> <!-- Default test -->
  </suite> <!-- Default suite -->
</testng-results>
