<?xml version="1.0" encoding="UTF-8"?>
<testng-results skipped="0" failed="0" total="1" passed="1">
  <reporter-output>
  </reporter-output>
  <suite name="Default suite" duration-ms="42430" started-at="2018-04-16T14:54:59Z" finished-at="2018-04-16T14:55:42Z">
    <groups>
    </groups>
    <test name="Default test" duration-ms="42430" started-at="2018-04-16T14:54:59Z" finished-at="2018-04-16T14:55:42Z">
      <class name="test_script.logintest">
        <test-method status="PASS" signature="login()[pri:0, instance:test_script.logintest@23ceabc1]" name="login" duration-ms="42337" started-at="2018-04-16T20:24:59Z" finished-at="2018-04-16T20:25:42Z">
          <reporter-output>
          </reporter-output>
        </test-method> <!-- login -->
      </class> <!-- test_script.logintest -->
    </test> <!-- Default test -->
  </suite> <!-- Default suite -->
</testng-results>
